[INFO ] 11-11-2022 14:30:29 [main] Log - Test
[INFO ] 11-11-2022 14:31:30 [main] Log - Open Railway
[INFO ] 11-11-2022 14:31:36 [main] Log - ****** Test login with valid account ******
[INFO ] 11-11-2022 14:31:37 [main] Log - Navigate to login page
[INFO ] 11-11-2022 14:31:38 [main] Log - Login with username: abc@gmail.com and password: 111111111
[INFO ] 11-11-2022 14:31:39 [main] Log - Open Railway
[INFO ] 11-11-2022 14:31:43 [main] Log - ****** Test UI tab menu after login ******
[INFO ] 11-11-2022 14:31:44 [main] Log - Navigate to login page
[INFO ] 11-11-2022 14:31:45 [main] Log - Login with username: abc@gmail.com and password: 111111111
[INFO ] 11-11-2022 14:32:44 [main] Log - Test
[INFO ] 11-11-2022 14:33:06 [main] Log - Open Railway
[INFO ] 11-11-2022 14:33:11 [main] Log - ****** Test login with valid account ******
[INFO ] 11-11-2022 14:33:12 [main] Log - Navigate to login page
[INFO ] 11-11-2022 14:33:14 [main] Log - Login with username: abc@gmail.com and password: 111111111
[INFO ] 11-11-2022 14:33:14 [main] Log - Open Railway
[INFO ] 11-11-2022 14:33:18 [main] Log - ****** Test UI tab menu after login ******
[INFO ] 11-11-2022 14:33:19 [main] Log - Navigate to login page
[INFO ] 11-11-2022 14:33:21 [main] Log - Login with username: abc@gmail.com and password: 111111111
[INFO ] 11-11-2022 14:34:23 [main] Log - Open Railway
[INFO ] 11-11-2022 14:34:29 [main] Log - ****** Test login with valid account ******
[ERROR] 11-11-2022 14:34:30 [main] Log - Navigate to login page
[INFO ] 11-11-2022 14:34:32 [main] Log - Open Railway
[INFO ] 11-11-2022 14:34:36 [main] Log - ****** Test UI tab menu after login ******
[INFO ] 11-11-2022 14:34:37 [main] Log - Navigate to login page
[INFO ] 11-11-2022 14:34:39 [main] Log - Login with username: abc@gmail.com and password: 111111111
[INFO ] 11-11-2022 15:27:34 [main] Log - Step #1: Open Railway
[INFO ] 11-11-2022 15:27:42 [main] Log - ****** Test login with valid account ******
[INFO ] 11-11-2022 15:27:43 [main] Log - Step #2: Navigate to login page
[INFO ] 11-11-2022 15:27:43 [main] Log - Step #3: Input valid username: abc@gmail.com
[INFO ] 11-11-2022 15:27:43 [main] Log - Step #4: Input valid password: 111111111
[INFO ] 11-11-2022 15:27:44 [main] Log - Step #5: Click Login button
[INFO ] 11-11-2022 15:43:39 [main] Log - ****** Test login with empty username ******
[INFO ] 11-11-2022 15:43:40 [main] Log - Step #2: Click Login tab on NavBar
[INFO ] 11-11-2022 15:43:40 [main] Log - Step #3: Input username
[INFO ] 11-11-2022 15:43:41 [main] Log - Step #4: Input password
[INFO ] 11-11-2022 15:43:41 [main] Log - Step #5: Click Login button
[INFO ] 11-11-2022 15:43:46 [main] Log - ****** Test login with invalid password ******
[INFO ] 11-11-2022 15:43:47 [main] Log - Step #2: Click Login tab on NavBar
[INFO ] 11-11-2022 15:43:47 [main] Log - Step #3: Input username
[INFO ] 11-11-2022 15:43:47 [main] Log - Step #4: Input password
[INFO ] 11-11-2022 15:43:48 [main] Log - Step #5: Click Login button
[INFO ] 11-11-2022 15:43:54 [main] Log - Step #3: Input username
[INFO ] 11-11-2022 15:43:54 [main] Log - Step #4: Input password
[INFO ] 11-11-2022 15:43:55 [main] Log - Step #5: Click Login button
[INFO ] 11-11-2022 15:43:55 [main] Log - Step #3: Input username
[INFO ] 11-11-2022 15:43:55 [main] Log - Step #4: Input password
[INFO ] 11-11-2022 15:43:56 [main] Log - Step #5: Click Login button
[INFO ] 11-11-2022 15:43:56 [main] Log - Step #3: Input username
[INFO ] 11-11-2022 15:43:56 [main] Log - Step #4: Input password
[INFO ] 11-11-2022 15:43:57 [main] Log - Step #5: Click Login button
[INFO ] 11-11-2022 15:43:57 [main] Log - Step #3: Input username
[INFO ] 11-11-2022 15:43:57 [main] Log - Step #4: Input password
[INFO ] 11-11-2022 15:43:58 [main] Log - Step #5: Click Login button
[INFO ] 11-11-2022 15:44:06 [main] Log - Step #3: Input username
[INFO ] 11-11-2022 15:44:06 [main] Log - Step #4: Input password
[INFO ] 11-11-2022 15:44:07 [main] Log - Step #5: Click Login button
[INFO ] 14-11-2022 15:00:18 [main] Log - ****** Test login with valid account ******
[INFO ] 14-11-2022 15:00:20 [main] Log - Step #2: Click Login tab on NavBar
[INFO ] 14-11-2022 15:00:20 [main] Log - Step #3: Input username
[INFO ] 14-11-2022 15:00:20 [main] Log - Step #4: Input password
[INFO ] 14-11-2022 15:00:21 [main] Log - Step #5: Click Login button
[INFO ] 14-11-2022 15:00:28 [main] Log - ****** Test UI tab menu after login ******
[INFO ] 14-11-2022 15:00:28 [main] Log - Click Login tab on NavBar
[INFO ] 14-11-2022 15:00:29 [main] Log - Step #3: Input username
[INFO ] 14-11-2022 15:00:29 [main] Log - Step #4: Input password
[INFO ] 14-11-2022 15:00:30 [main] Log - Step #5: Click Login button
[INFO ] 14-11-2022 15:01:39 [main] Log - ****** Test login with valid account ******
[INFO ] 14-11-2022 15:01:40 [main] Log - Step #2: Click Login tab on NavBar
[INFO ] 14-11-2022 15:01:40 [main] Log - Step #3: Input username
[INFO ] 14-11-2022 15:01:40 [main] Log - Step #4: Input password
[INFO ] 14-11-2022 15:01:41 [main] Log - Step #5: Click Login button
[INFO ] 14-11-2022 15:01:47 [main] Log - ****** Test UI tab menu after login ******
[INFO ] 14-11-2022 15:01:47 [main] Log - Click Login tab on NavBar
[INFO ] 14-11-2022 15:01:48 [main] Log - Step #3: Input username
[INFO ] 14-11-2022 15:01:48 [main] Log - Step #4: Input password
[INFO ] 14-11-2022 15:01:58 [main] Log - Step #5: Click Login button
[INFO ] 14-11-2022 15:02:45 [main] Log - ****** Test login with valid account ******
[INFO ] 14-11-2022 15:02:46 [main] Log - Step #2: Click Login tab on NavBar
[INFO ] 14-11-2022 15:02:46 [main] Log - Step #3: Input username
[INFO ] 14-11-2022 15:02:46 [main] Log - Step #4: Input password
[INFO ] 14-11-2022 15:02:48 [main] Log - Step #5: Click Login button
[INFO ] 14-11-2022 15:02:52 [main] Log - ****** Test UI tab menu after login ******
[INFO ] 14-11-2022 15:02:53 [main] Log - Click Login tab on NavBar
[INFO ] 14-11-2022 15:02:53 [main] Log - Step #3: Input username
[INFO ] 14-11-2022 15:02:53 [main] Log - Step #4: Input password
[INFO ] 14-11-2022 15:02:55 [main] Log - Step #5: Click Login button
[INFO ] 14-11-2022 15:34:59 [main] Log - Step #3: Input username
[INFO ] 14-11-2022 15:34:59 [main] Log - Step #4: Input password
[INFO ] 14-11-2022 15:35:01 [main] Log - Step #5: Click Login button
[INFO ] 14-11-2022 15:36:48 [main] Log - Step #3: Input username
[INFO ] 14-11-2022 15:36:48 [main] Log - Step #4: Input password
[INFO ] 14-11-2022 15:36:50 [main] Log - Step #5: Click Login button
[INFO ] 14-11-2022 15:38:46 [main] Log - Step #3: Input username
[INFO ] 14-11-2022 15:38:46 [main] Log - Step #4: Input password
[INFO ] 14-11-2022 15:38:47 [main] Log - Step #5: Click Login button
[INFO ] 14-11-2022 15:39:33 [main] Log - Step #3: Input username
[INFO ] 14-11-2022 15:39:33 [main] Log - Step #4: Input password
[INFO ] 14-11-2022 15:39:34 [main] Log - Step #5: Click Login button
[INFO ] 14-11-2022 15:40:08 [main] Log - ****** Test login with valid account ******
[INFO ] 14-11-2022 15:40:10 [main] Log - Step #2: Click Login tab on NavBar
[INFO ] 14-11-2022 15:40:10 [main] Log - Step #3: Input username
[INFO ] 14-11-2022 15:40:10 [main] Log - Step #4: Input password
[INFO ] 14-11-2022 15:40:11 [main] Log - Step #5: Click Login button
[INFO ] 14-11-2022 16:10:24 [main] Log - ****** Test login with valid account ******
[INFO ] 14-11-2022 16:10:25 [main] Log - Step #2: Click Login tab on NavBar
[INFO ] 14-11-2022 16:10:25 [main] Log - Step #3: Input username
[INFO ] 14-11-2022 16:10:25 [main] Log - Step #4: Input password
[INFO ] 14-11-2022 16:21:48 [main] Log - Step #3: Input username
[INFO ] 14-11-2022 16:21:48 [main] Log - Step #4: Input password
[INFO ] 14-11-2022 16:22:53 [main] Log - Step #3: Input username
[INFO ] 14-11-2022 16:22:54 [main] Log - Step #4: Input password
[INFO ] 14-11-2022 16:22:55 [main] Log - Step #5: Click Login button
[INFO ] 14-11-2022 16:25:18 [main] Log - Step #3: Input username
[INFO ] 14-11-2022 16:25:18 [main] Log - Step #4: Input password
[INFO ] 14-11-2022 16:25:19 [main] Log - Step #5: Click Login button
[INFO ] 14-11-2022 16:26:56 [main] Log - Step #3: Input username
[INFO ] 14-11-2022 16:26:56 [main] Log - Step #4: Input password
[INFO ] 14-11-2022 16:26:57 [main] Log - Step #5: Click Login button
[INFO ] 14-11-2022 16:28:01 [main] Log - Step #3: Input username
[INFO ] 14-11-2022 16:28:01 [main] Log - Step #4: Input password
[INFO ] 14-11-2022 16:28:02 [main] Log - Step #5: Click Login button
[INFO ] 14-11-2022 16:34:38 [main] Log - Step #3: Input username
[INFO ] 14-11-2022 16:34:38 [main] Log - Step #4: Input password
[INFO ] 14-11-2022 16:34:39 [main] Log - Step #5: Click Login button
[INFO ] 14-11-2022 16:36:40 [main] Log - Step #3: Input username
[INFO ] 14-11-2022 16:36:40 [main] Log - Step #4: Input password
[INFO ] 14-11-2022 16:36:41 [main] Log - Step #5: Click Login button
[INFO ] 14-11-2022 17:13:49 [main] Log - ****** Test login with valid account ******
[INFO ] 14-11-2022 17:13:50 [main] Log - Step #2: Click Login tab on NavBar
[INFO ] 14-11-2022 17:13:50 [main] Log - Step #3: Input username
[INFO ] 14-11-2022 17:13:50 [main] Log - Step #4: Input password
[INFO ] 14-11-2022 17:13:51 [main] Log - Step #5: Click Login button
[INFO ] 15-11-2022 08:34:49 [main] Log - ****** Test login with valid account ******
[INFO ] 15-11-2022 08:34:50 [main] Log - Step #2: Click Login tab on NavBar
[INFO ] 15-11-2022 08:34:50 [main] Log - Step #3: Input username
[INFO ] 15-11-2022 08:34:50 [main] Log - Step #4: Input password
[INFO ] 15-11-2022 08:34:51 [main] Log - Step #5: Click Login button
[INFO ] 15-11-2022 08:39:20 [main] Log - Step #3: Input username
[INFO ] 15-11-2022 08:39:20 [main] Log - Step #4: Input password
[INFO ] 15-11-2022 08:39:21 [main] Log - Step #5: Click Login button
[INFO ] 15-11-2022 08:52:54 [main] Log - Step #2: Click Login tab on NavBar
[INFO ] 15-11-2022 08:52:54 [main] Log - Step #3: Input username
[INFO ] 15-11-2022 08:52:54 [main] Log - Step #4: Input password
[INFO ] 15-11-2022 08:52:56 [main] Log - Step #5: Click Login button
[INFO ] 15-11-2022 09:06:09 [main] Log - Navigate to QA Railway Website
[INFO ] 15-11-2022 09:06:09 [main] Log - ******TC01_Test login with valid account ******
[INFO ] 15-11-2022 09:06:10 [main] Log - Click on "Login" tab
[INFO ] 15-11-2022 09:06:11 [main] Log - Enter email: abc@gmail.com
[INFO ] 15-11-2022 09:06:11 [main] Log - Enter password111111111
[INFO ] 15-11-2022 09:06:11 [main] Log - Click on "Login" button
[INFO ] 15-11-2022 09:07:28 [main] Log - ******TC01_Test login with valid account ******
[INFO ] 15-11-2022 09:07:28 [main] Log - Navigate to QA Railway Website
[INFO ] 15-11-2022 09:07:29 [main] Log - Click on "Login" tab
[INFO ] 15-11-2022 09:07:30 [main] Log - Enter email: abc@gmail.com
[INFO ] 15-11-2022 09:07:30 [main] Log - Enter password111111111
[INFO ] 15-11-2022 09:07:30 [main] Log - Click on "Login" button
[INFO ] 15-11-2022 09:11:49 [main] Log - ****** TC02_Test login with empty username ******
[INFO ] 15-11-2022 09:11:49 [main] Log - Navigate to QA Railway Website
[INFO ] 15-11-2022 09:11:49 [main] Log - Click on "Login" tab
[INFO ] 15-11-2022 09:11:50 [main] Log - Enter password: 111111111
[INFO ] 15-11-2022 09:50:14 [main] Log - ****** TC01_Test login with valid account ******
[INFO ] 15-11-2022 09:50:14 [main] Log - Navigate to QA Railway Website
[INFO ] 15-11-2022 09:50:15 [main] Log - Click on "Login" tab
[INFO ] 15-11-2022 09:50:17 [main] Log - Enter email: abc@gmail.com
[INFO ] 15-11-2022 09:50:17 [main] Log - Enter password: 111111111
[INFO ] 15-11-2022 09:50:17 [main] Log - Click on "Login" button
[INFO ] 15-11-2022 09:52:26 [main] Log - ****** TC01_Test login with valid account ******
[INFO ] 15-11-2022 09:52:26 [main] Log - Navigate to QA Railway Website
[INFO ] 15-11-2022 09:52:27 [main] Log - Click on "Login" tab
[INFO ] 15-11-2022 09:52:28 [main] Log - Enter email: abc@gmail.com
[INFO ] 15-11-2022 09:52:28 [main] Log - Enter password: 111111111
[INFO ] 15-11-2022 09:52:28 [main] Log - Click on "Login" button
[INFO ] 15-11-2022 09:53:23 [main] Log - ****** TC02_Test login with empty username ******
[INFO ] 15-11-2022 09:53:23 [main] Log - Navigate to QA Railway Website
[INFO ] 15-11-2022 09:53:24 [main] Log - Click on "Login" tab
[INFO ] 15-11-2022 09:53:25 [main] Log - Enter password: 111111111
[INFO ] 15-11-2022 10:40:04 [main] Log - Pre-condition: Create and activate a new account
[INFO ] 15-11-2022 10:40:04 [main] Log -  Navigate to QA Railway Website
[INFO ] 15-11-2022 10:40:06 [main] Log - Register new account
[INFO ] 15-11-2022 10:40:08 [main] Log - Login with new account
[INFO ] 15-11-2022 10:40:09 [main] Log - Click on "Book ticket" tab
[INFO ] 15-11-2022 10:40:20 [main] Log - Select a "Depart date" from the list
[INFO ] 15-11-2022 10:40:21 [main] Log - Select "Sài Gòn" for "Depart from" and "Nha Trang" for "Arrive at".
[INFO ] 15-11-2022 10:40:21 [main] Log - Select "Soft bed with air conditioner" for "Seat type"
[INFO ] 15-11-2022 10:40:21 [main] Log -  Select "1" for "Ticket amount"
[INFO ] 15-11-2022 10:40:21 [main] Log - Click on "Book ticket" button
[INFO ] 15-11-2022 10:42:17 [main] Log - Pre-condition: Create and activate a new account
[INFO ] 15-11-2022 10:42:17 [main] Log - Navigate to QA Railway Website
[INFO ] 15-11-2022 10:42:20 [main] Log - Register new account
[INFO ] 15-11-2022 10:42:22 [main] Log - Login with new account
[INFO ] 15-11-2022 10:42:23 [main] Log - Click on "Timetable" tab
[INFO ] 15-11-2022 10:42:25 [main] Log -  Click on "book ticket" link of the route from "Huế" to "Sài Gòn"
[INFO ] 15-11-2022 10:48:44 [main] Log - Pre-condition: Create a new account but do not activate it
[INFO ] 15-11-2022 10:48:44 [main] Log - Navigate to QA Railway Website
[INFO ] 15-11-2022 10:48:44 [main] Log - Click on "Register" tab
[INFO ] 15-11-2022 10:48:47 [main] Log - Enter valid information into all fields
[INFO ] 15-11-2022 10:48:47 [main] Log - Click on "Register" button
[INFO ] 15-11-2022 10:48:47 [main] Log -  Click on "Login" tab
[INFO ] 15-11-2022 10:48:49 [main] Log -  Enter username and password of account hasn't been activated.
[INFO ] 15-11-2022 10:48:49 [main] Log - Click on "Login" button
[INFO ] 15-11-2022 10:53:55 [main] Log - TC07_User can create new account
[INFO ] 15-11-2022 10:53:55 [main] Log -  Navigate to QA Railway Website
[INFO ] 15-11-2022 10:53:57 [main] Log - Click on "Register" tab
[INFO ] 15-11-2022 10:53:57 [main] Log - Enter valid information into all fields
[INFO ] 15-11-2022 10:53:57 [main] Log - Click on "Register" button
[INFO ] 15-11-2022 10:56:43 [main] Log - Pre-condition: Create and activate a new account
[INFO ] 15-11-2022 10:56:43 [main] Log -  Navigate to QA Railway Website
[INFO ] 15-11-2022 10:56:46 [main] Log - Register new account
[INFO ] 15-11-2022 10:56:48 [main] Log - Login with new account
[INFO ] 15-11-2022 10:56:49 [main] Log - Click on "Book ticket" tab
[INFO ] 15-11-2022 11:02:39 [main] Log - Pre-condition: Create and activate a new account
[INFO ] 15-11-2022 11:02:39 [main] Log -  Navigate to QA Railway Website
[INFO ] 15-11-2022 11:02:41 [main] Log - Register new account
[INFO ] 15-11-2022 11:02:43 [main] Log - Login with new account
[INFO ] 15-11-2022 11:02:44 [main] Log - Click on "Book ticket" tab
[INFO ] 15-11-2022 11:02:46 [main] Log - Select a "Depart date" from the list
[INFO ] 15-11-2022 11:02:46 [main] Log - Select "Sài Gòn" for "Depart from" and "Nha Trang" for "Arrive at".
[INFO ] 15-11-2022 11:02:46 [main] Log - Select "Soft bed with air conditioner" for "Seat type"
[INFO ] 15-11-2022 11:02:46 [main] Log -  Select "1" for "Ticket amount"
[INFO ] 15-11-2022 11:02:46 [main] Log - Click on "Book ticket" button
[INFO ] 15-11-2022 15:01:47 [main] Log - TC16_User can cancel a ticket
[INFO ] 15-11-2022 15:01:47 [main] Log - Navigate to QA Railway Website
[INFO ] 15-11-2022 15:01:50 [main] Log - Login with valid account
[INFO ] 15-11-2022 15:01:53 [main] Log - Book a ticket
[INFO ] 15-11-2022 15:01:53 [main] Log - Click on "My ticket" tab
[INFO ] 15-11-2022 15:01:54 [main] Log - Click on "Cancel" button of ticket which user want to cancel.
[INFO ] 15-11-2022 15:01:54 [main] Log -  Click on "OK" button on Confirmation message "Are you sure?"
[INFO ] 15-11-2022 15:06:51 [main] Log - TC16_User can cancel a ticket
[INFO ] 15-11-2022 15:06:51 [main] Log - Navigate to QA Railway Website
[INFO ] 15-11-2022 15:06:53 [main] Log - Login with valid account
[INFO ] 15-11-2022 15:06:56 [main] Log - Book a ticket
[INFO ] 15-11-2022 15:06:57 [main] Log - Click on "My ticket" tab
[INFO ] 15-11-2022 15:06:57 [main] Log - Click on "Cancel" button of ticket which user want to cancel.
[INFO ] 15-11-2022 15:06:57 [main] Log -  Click on "OK" button on Confirmation message "Are you sure?"
[INFO ] 15-11-2022 16:11:48 [main] Log - ****** TC01_Test login with valid account ******
[INFO ] 15-11-2022 16:11:48 [main] Log - Navigate to QA Railway Website
[INFO ] 15-11-2022 16:11:49 [main] Log - Click on "Login" tab
[INFO ] 15-11-2022 16:11:50 [main] Log - Enter email: abc@gmail.com
[INFO ] 15-11-2022 16:11:50 [main] Log - Enter password: 111111111
[INFO ] 15-11-2022 16:11:50 [main] Log - Click on "Login" button
[INFO ] 15-11-2022 16:21:23 [main] Log - Navigate to QA Railway Website
[INFO ] 15-11-2022 16:21:24 [main] Log - Click on "Register" tab
[INFO ] 15-11-2022 16:21:25 [main] Log - Enter valid email address and leave other fields empty
[INFO ] 15-11-2022 16:21:25 [main] Log -  Click on "Register" button
[INFO ] 15-11-2022 16:23:33 [main] Log - Navigate to QA Railway Website
[INFO ] 15-11-2022 16:23:34 [main] Log - Click on "Register" tab
[INFO ] 15-11-2022 16:23:35 [main] Log - Enter valid email address and leave other fields empty
[INFO ] 15-11-2022 16:23:35 [main] Log -  Click on "Register" button
[INFO ] 15-11-2022 16:27:45 [main] Log - Pre-condition: Create and activate a new account
[INFO ] 15-11-2022 16:27:45 [main] Log -  Navigate to QA Railway Website
[INFO ] 15-11-2022 16:27:48 [main] Log - Register new account
[INFO ] 15-11-2022 16:27:50 [main] Log - Login with new account
[INFO ] 15-11-2022 16:27:51 [main] Log - Click on "Book ticket" tab
[INFO ] 15-11-2022 16:27:53 [main] Log - Select a "Depart date" from the list
[INFO ] 15-11-2022 16:27:53 [main] Log - Select "Sài Gòn" for "Depart from" and "Nha Trang" for "Arrive at".
[INFO ] 15-11-2022 16:27:53 [main] Log - Select "Soft bed with air conditioner" for "Seat type"
[INFO ] 15-11-2022 16:27:53 [main] Log -  Select "1" for "Ticket amount"
[INFO ] 15-11-2022 16:27:53 [main] Log - Click on "Book ticket" button
[INFO ] 15-11-2022 16:38:24 [main] Log - Pre-condition: Create and activate a new account
[INFO ] 15-11-2022 16:38:24 [main] Log -  Navigate to QA Railway Website
[INFO ] 15-11-2022 16:38:27 [main] Log - Register new account
[INFO ] 15-11-2022 16:38:29 [main] Log - Login with new account
[INFO ] 15-11-2022 16:38:30 [main] Log - Click on "Book ticket" tab
[INFO ] 15-11-2022 16:38:31 [main] Log - Select a "Depart date" from the list
[INFO ] 15-11-2022 16:38:31 [main] Log - Select "Sài Gòn" for "Depart from" and "Nha Trang" for "Arrive at".
[INFO ] 15-11-2022 16:38:31 [main] Log - Select "Soft bed with air conditioner" for "Seat type"
[INFO ] 15-11-2022 16:38:31 [main] Log -  Select "1" for "Ticket amount"
[INFO ] 15-11-2022 16:38:31 [main] Log - Click on "Book ticket" button
[INFO ] 15-11-2022 16:46:16 [main] Log - Navigate to QA Railway Website
[INFO ] 15-11-2022 16:46:16 [main] Log - Click on "Book ticket" tab
[INFO ] 15-11-2022 16:47:23 [main] Log - Navigate to QA Railway Website
[INFO ] 15-11-2022 16:47:23 [main] Log - Click on "Book ticket" tab
[INFO ] 15-11-2022 17:03:32 [main] Log - TC16_User can cancel a ticket
[INFO ] 15-11-2022 17:03:32 [main] Log - Navigate to QA Railway Website
[INFO ] 15-11-2022 17:03:34 [main] Log - Login with valid account
[INFO ] 15-11-2022 17:03:37 [main] Log - Book a ticket
[INFO ] 15-11-2022 17:03:38 [main] Log - Click on "My ticket" tab
[INFO ] 15-11-2022 17:03:38 [main] Log - Click on "Cancel" button of ticket which user want to cancel.
[INFO ] 15-11-2022 17:03:38 [main] Log -  Click on "OK" button on Confirmation message "Are you sure?"
[INFO ] 16-11-2022 08:21:38 [main] Log - Register new account
[INFO ] 16-11-2022 08:21:40 [main] Log - Login with new account
[INFO ] 16-11-2022 08:21:42 [main] Log - Book a ticket
[INFO ] 16-11-2022 08:21:43 [main] Log - Click on "My ticket" tab
[INFO ] 16-11-2022 08:21:43 [main] Log - Click on "Cancel" button of ticket which user want to cancel.
[INFO ] 16-11-2022 08:21:43 [main] Log -  Click on "OK" button on Confirmation message "Are you sure?"
[INFO ] 16-11-2022 08:22:15 [main] Log - TC16_User can cancel a ticket
[INFO ] 16-11-2022 08:22:15 [main] Log - Navigate to QA Railway Website
[INFO ] 16-11-2022 08:22:17 [main] Log - Login with valid account
[INFO ] 16-11-2022 08:22:20 [main] Log - Book a ticket
[INFO ] 16-11-2022 08:22:20 [main] Log - Click on "My ticket" tab
[INFO ] 16-11-2022 08:22:21 [main] Log - Click on "Cancel" button of ticket which user want to cancel.
[INFO ] 16-11-2022 08:22:21 [main] Log -  Click on "OK" button on Confirmation message "Are you sure?"
[INFO ] 16-11-2022 08:23:24 [main] Log - TC16_User can cancel a ticket
[INFO ] 16-11-2022 08:23:24 [main] Log - Navigate to QA Railway Website
[INFO ] 16-11-2022 08:23:26 [main] Log - Login with valid account
[INFO ] 16-11-2022 08:23:29 [main] Log - Book a ticket
[INFO ] 16-11-2022 08:23:29 [main] Log - Click on "My ticket" tab
[INFO ] 16-11-2022 08:23:30 [main] Log - Click on "Cancel" button of ticket which user want to cancel.
[INFO ] 16-11-2022 08:23:30 [main] Log -  Click on "OK" button on Confirmation message "Are you sure?"
[INFO ] 16-11-2022 08:27:56 [main] Log - TC16_User can cancel a ticket
[INFO ] 16-11-2022 08:27:56 [main] Log - Navigate to QA Railway Website
[INFO ] 16-11-2022 08:27:59 [main] Log - Login with valid account
[INFO ] 16-11-2022 08:28:01 [main] Log - Book a ticket
[INFO ] 16-11-2022 08:28:02 [main] Log - Click on "My ticket" tab
[INFO ] 16-11-2022 08:28:02 [main] Log - Click on "Cancel" button of ticket which user want to cancel.
[INFO ] 16-11-2022 08:28:02 [main] Log -  Click on "OK" button on Confirmation message "Are you sure?"
[INFO ] 16-11-2022 08:29:33 [main] Log - TC16_User can cancel a ticket
[INFO ] 16-11-2022 08:29:33 [main] Log - Navigate to QA Railway Website
[INFO ] 16-11-2022 08:29:36 [main] Log - Login with valid account
[INFO ] 16-11-2022 08:29:38 [main] Log - Book a ticket
[INFO ] 16-11-2022 08:29:39 [main] Log - Click on "My ticket" tab
[INFO ] 16-11-2022 08:29:39 [main] Log - Click on "Cancel" button of ticket which user want to cancel.
[INFO ] 16-11-2022 08:29:39 [main] Log -  Click on "OK" button on Confirmation message "Are you sure?"
